app/build/intermediates/manifest_merge_blame_file/release/processReleaseMainManifest/manifest-merger-blame-release-report.txt
1<?xml version="1.0" encoding="utf-8"?>
2<manifest xmlns:android="http://schemas.android.com/apk/res/android"
3    package="com.mindtype.mobile"
4    android:versionCode="2"
5    android:versionName="1.1" >
6
7    <uses-sdk
8        android:minSdkVersion="26"
9        android:targetSdkVersion="34" />
10
11    <!-- Permissions -->
12    <uses-permission android:name="android.permission.FOREGROUND_SERVICE" />
12-->src/main/AndroidManifest.xml:5:5-77
12-->src/main/AndroidManifest.xml:5:22-74
13    <uses-permission android:name="android.permission.FOREGROUND_SERVICE_SPECIAL_USE" />
13-->src/main/AndroidManifest.xml:6:5-89
13-->src/main/AndroidManifest.xml:6:22-86
14    <uses-permission android:name="android.permission.RECEIVE_BOOT_COMPLETED" />
14-->src/main/AndroidManifest.xml:7:5-81
14-->src/main/AndroidManifest.xml:7:22-78
15    <uses-permission android:name="android.permission.VIBRATE" />
15-->src/main/AndroidManifest.xml:8:5-66
15-->src/main/AndroidManifest.xml:8:22-63
16    <uses-permission android:name="android.permission.BODY_SENSORS" />
16-->src/main/AndroidManifest.xml:9:5-71
16-->src/main/AndroidManifest.xml:9:22-68
17    <uses-permission android:name="android.permission.POST_NOTIFICATIONS" />
17-->src/main/AndroidManifest.xml:10:5-77
17-->src/main/AndroidManifest.xml:10:22-74
18    <uses-permission
18-->src/main/AndroidManifest.xml:11:5-12:38
19        android:name="android.permission.WRITE_EXTERNAL_STORAGE"
19-->src/main/AndroidManifest.xml:11:22-78
20        android:maxSdkVersion="28" />
20-->src/main/AndroidManifest.xml:12:9-35
21    <uses-permission
21-->src/main/AndroidManifest.xml:13:5-14:38
22        android:name="android.permission.READ_EXTERNAL_STORAGE"
22-->src/main/AndroidManifest.xml:13:22-77
23        android:maxSdkVersion="32" />
23-->src/main/AndroidManifest.xml:14:9-35
24    <uses-permission android:name="android.permission.WAKE_LOCK" />
24-->[androidx.work:work-runtime:2.9.0] AndroidManifest.xml:23:5-68
24-->[androidx.work:work-runtime:2.9.0] AndroidManifest.xml:23:22-65
25    <uses-permission android:name="android.permission.ACCESS_NETWORK_STATE" />
25-->[androidx.work:work-runtime:2.9.0] AndroidManifest.xml:24:5-79
25-->[androidx.work:work-runtime:2.9.0] AndroidManifest.xml:24:22-76
26
27    <permission
27-->[androidx.core:core:1.12.0] AndroidManifest.xml:22:5-24:47
28        android:name="com.mindtype.mobile.DYNAMIC_RECEIVER_NOT_EXPORTED_PERMISSION"
28-->[androidx.core:core:1.12.0] AndroidManifest.xml:23:9-81
29        android:protectionLevel="signature" />
29-->[androidx.core:core:1.12.0] AndroidManifest.xml:24:9-44
30
31    <uses-permission android:name="com.mindtype.mobile.DYNAMIC_RECEIVER_NOT_EXPORTED_PERMISSION" /> <!-- Explicitly NOT requested: READ_CONTACTS, CAMERA, RECORD_AUDIO, ACCESS_FINE_LOCATION, READ_SMS -->
31-->[androidx.core:core:1.12.0] AndroidManifest.xml:26:5-97
31-->[androidx.core:core:1.12.0] AndroidManifest.xml:26:22-94
32    <application
32-->src/main/AndroidManifest.xml:17:5-95:19
33        android:allowBackup="true"
33-->src/main/AndroidManifest.xml:18:9-35
34        android:appComponentFactory="androidx.core.app.CoreComponentFactory"
34-->[androidx.core:core:1.12.0] AndroidManifest.xml:28:18-86
35        android:extractNativeLibs="false"
36        android:icon="@mipmap/ic_launcher"
36-->src/main/AndroidManifest.xml:19:9-43
37        android:label="@string/app_name"
37-->src/main/AndroidManifest.xml:20:9-41
38        android:roundIcon="@mipmap/ic_launcher_round"
38-->src/main/AndroidManifest.xml:21:9-54
39        android:supportsRtl="true"
39-->src/main/AndroidManifest.xml:22:9-35
40        android:theme="@style/Theme.MindType"
40-->src/main/AndroidManifest.xml:23:9-46
41        android:usesCleartextTraffic="false" >
41-->src/main/AndroidManifest.xml:24:9-45
42
43        <!-- Onboarding: first-launch activity -->
44        <activity
44-->src/main/AndroidManifest.xml:27:9-35:20
45            android:name="com.mindtype.mobile.ui.OnboardingActivity"
45-->src/main/AndroidManifest.xml:28:13-50
46            android:exported="true"
46-->src/main/AndroidManifest.xml:29:13-36
47            android:windowSoftInputMode="adjustResize" >
47-->src/main/AndroidManifest.xml:30:13-55
48            <intent-filter>
48-->src/main/AndroidManifest.xml:31:13-34:29
49                <action android:name="android.intent.action.MAIN" />
49-->src/main/AndroidManifest.xml:32:17-69
49-->src/main/AndroidManifest.xml:32:25-66
50
51                <category android:name="android.intent.category.LAUNCHER" />
51-->src/main/AndroidManifest.xml:33:17-77
51-->src/main/AndroidManifest.xml:33:27-74
52            </intent-filter>
53        </activity>
54
55        <!-- Main Dashboard -->
56        <activity
56-->src/main/AndroidManifest.xml:38:9-41:58
57            android:name="com.mindtype.mobile.ui.MainActivity"
57-->src/main/AndroidManifest.xml:39:13-44
58            android:exported="false"
58-->src/main/AndroidManifest.xml:40:13-37
59            android:windowSoftInputMode="adjustResize" />
59-->src/main/AndroidManifest.xml:41:13-55
60
61        <!-- Settings -->
62        <activity
62-->src/main/AndroidManifest.xml:44:9-46:40
63            android:name="com.mindtype.mobile.ui.SettingsActivity"
63-->src/main/AndroidManifest.xml:45:13-48
64            android:exported="false" />
64-->src/main/AndroidManifest.xml:46:13-37
65
66        <!-- ===== IME SERVICE ===== -->
67        <service
67-->src/main/AndroidManifest.xml:49:9-64:19
68            android:name="com.mindtype.mobile.ime.MindTypeIMEService"
68-->src/main/AndroidManifest.xml:50:13-51
69            android:exported="true"
69-->src/main/AndroidManifest.xml:51:13-36
70            android:foregroundServiceType="specialUse"
70-->src/main/AndroidManifest.xml:54:13-55
71            android:label="@string/app_name"
71-->src/main/AndroidManifest.xml:52:13-45
72            android:permission="android.permission.BIND_INPUT_METHOD" >
72-->src/main/AndroidManifest.xml:53:13-70
73            <intent-filter>
73-->src/main/AndroidManifest.xml:55:13-57:29
74                <action android:name="android.view.InputMethod" />
74-->src/main/AndroidManifest.xml:56:17-67
74-->src/main/AndroidManifest.xml:56:25-64
75            </intent-filter>
76
77            <meta-data
77-->src/main/AndroidManifest.xml:58:13-60:56
78                android:name="android.view.im"
78-->src/main/AndroidManifest.xml:59:17-47
79                android:resource="@xml/mindtype_ime" />
79-->src/main/AndroidManifest.xml:60:17-53
80
81            <property
81-->src/main/AndroidManifest.xml:61:13-63:53
82                android:name="android.app.PROPERTY_SPECIAL_USE_FGS_SUBTYPE"
82-->src/main/AndroidManifest.xml:62:17-76
83                android:value="Stress Monitoring" />
83-->src/main/AndroidManifest.xml:63:17-50
84        </service>
85
86        <!-- ===== FILE PROVIDER for CSV export ===== -->
87        <provider
88            android:name="androidx.core.content.FileProvider"
88-->src/main/AndroidManifest.xml:68:13-62
89            android:authorities="com.mindtype.mobile.fileprovider"
89-->src/main/AndroidManifest.xml:69:13-64
90            android:exported="false"
90-->src/main/AndroidManifest.xml:70:13-37
91            android:grantUriPermissions="true" >
91-->src/main/AndroidManifest.xml:71:13-47
92            <meta-data
92-->src/main/AndroidManifest.xml:72:13-74:63
93                android:name="android.support.FILE_PROVIDER_PATHS"
93-->src/main/AndroidManifest.xml:73:17-67
94                android:resource="@xml/file_provider_paths" />
94-->src/main/AndroidManifest.xml:74:17-60
95        </provider>
96
97        <!-- Boot receiver for WorkManager -->
98        <receiver
98-->src/main/AndroidManifest.xml:78:9-84:20
99            android:name="com.mindtype.mobile.workers.BootReceiver"
99-->src/main/AndroidManifest.xml:79:13-49
100            android:exported="true" >
100-->src/main/AndroidManifest.xml:80:13-36
101            <intent-filter>
101-->src/main/AndroidManifest.xml:81:13-83:29
102                <action android:name="android.intent.action.BOOT_COMPLETED" />
102-->src/main/AndroidManifest.xml:82:17-79
102-->src/main/AndroidManifest.xml:82:25-76
103            </intent-filter>
104        </receiver>
105
106        <!-- Stress response receiver for notification action buttons -->
107        <receiver
107-->src/main/AndroidManifest.xml:87:9-93:20
108            android:name="com.mindtype.mobile.workers.StressResponseReceiver"
108-->src/main/AndroidManifest.xml:88:13-59
109            android:exported="false" >
109-->src/main/AndroidManifest.xml:89:13-37
110            <intent-filter>
110-->src/main/AndroidManifest.xml:90:13-92:29
111                <action android:name="com.mindtype.mobile.STRESS_RESPONSE" />
111-->src/main/AndroidManifest.xml:91:17-78
111-->src/main/AndroidManifest.xml:91:25-75
112            </intent-filter>
113        </receiver>
114
115        <provider
115-->[androidx.emoji2:emoji2:1.2.0] AndroidManifest.xml:24:9-32:20
116            android:name="androidx.startup.InitializationProvider"
116-->[androidx.emoji2:emoji2:1.2.0] AndroidManifest.xml:25:13-67
117            android:authorities="com.mindtype.mobile.androidx-startup"
117-->[androidx.emoji2:emoji2:1.2.0] AndroidManifest.xml:26:13-68
118            android:exported="false" >
118-->[androidx.emoji2:emoji2:1.2.0] AndroidManifest.xml:27:13-37
119            <meta-data
119-->[androidx.emoji2:emoji2:1.2.0] AndroidManifest.xml:29:13-31:52
120                android:name="androidx.emoji2.text.EmojiCompatInitializer"
120-->[androidx.emoji2:emoji2:1.2.0] AndroidManifest.xml:30:17-75
121                android:value="androidx.startup" />
121-->[androidx.emoji2:emoji2:1.2.0] AndroidManifest.xml:31:17-49
122            <meta-data
122-->[androidx.work:work-runtime:2.9.0] AndroidManifest.xml:34:13-36:52
123                android:name="androidx.work.WorkManagerInitializer"
123-->[androidx.work:work-runtime:2.9.0] AndroidManifest.xml:35:17-68
124                android:value="androidx.startup" />
124-->[androidx.work:work-runtime:2.9.0] AndroidManifest.xml:36:17-49
125            <meta-data
125-->[androidx.lifecycle:lifecycle-process:2.7.0] AndroidManifest.xml:29:13-31:52
126                android:name="androidx.lifecycle.ProcessLifecycleInitializer"
126-->[androidx.lifecycle:lifecycle-process:2.7.0] AndroidManifest.xml:30:17-78
127                android:value="androidx.startup" />
127-->[androidx.lifecycle:lifecycle-process:2.7.0] AndroidManifest.xml:31:17-49
128            <meta-data
128-->[androidx.profileinstaller:profileinstaller:1.3.0] AndroidManifest.xml:29:13-31:52
129                android:name="androidx.profileinstaller.ProfileInstallerInitializer"
129-->[androidx.profileinstaller:profileinstaller:1.3.0] AndroidManifest.xml:30:17-85
130                android:value="androidx.startup" />
130-->[androidx.profileinstaller:profileinstaller:1.3.0] AndroidManifest.xml:31:17-49
131        </provider>
132
133        <service
133-->[androidx.work:work-runtime:2.9.0] AndroidManifest.xml:39:9-45:35
134            android:name="androidx.work.impl.background.systemalarm.SystemAlarmService"
134-->[androidx.work:work-runtime:2.9.0] AndroidManifest.xml:40:13-88
135            android:directBootAware="false"
135-->[androidx.work:work-runtime:2.9.0] AndroidManifest.xml:41:13-44
136            android:enabled="@bool/enable_system_alarm_service_default"
136-->[androidx.work:work-runtime:2.9.0] AndroidManifest.xml:42:13-72
137            android:exported="false" />
137-->[androidx.work:work-runtime:2.9.0] AndroidManifest.xml:43:13-37
138        <service
138-->[androidx.work:work-runtime:2.9.0] AndroidManifest.xml:46:9-52:35
139            android:name="androidx.work.impl.background.systemjob.SystemJobService"
139-->[androidx.work:work-runtime:2.9.0] AndroidManifest.xml:47:13-84
140            android:directBootAware="false"
140-->[androidx.work:work-runtime:2.9.0] AndroidManifest.xml:48:13-44
141            android:enabled="@bool/enable_system_job_service_default"
141-->[androidx.work:work-runtime:2.9.0] AndroidManifest.xml:49:13-70
142            android:exported="true"
142-->[androidx.work:work-runtime:2.9.0] AndroidManifest.xml:50:13-36
143            android:permission="android.permission.BIND_JOB_SERVICE" />
143-->[androidx.work:work-runtime:2.9.0] AndroidManifest.xml:51:13-69
144        <service
144-->[androidx.work:work-runtime:2.9.0] AndroidManifest.xml:53:9-59:35
145            android:name="androidx.work.impl.foreground.SystemForegroundService"
145-->[androidx.work:work-runtime:2.9.0] AndroidManifest.xml:54:13-81
146            android:directBootAware="false"
146-->[androidx.work:work-runtime:2.9.0] AndroidManifest.xml:55:13-44
147            android:enabled="@bool/enable_system_foreground_service_default"
147-->[androidx.work:work-runtime:2.9.0] AndroidManifest.xml:56:13-77
148            android:exported="false" />
148-->[androidx.work:work-runtime:2.9.0] AndroidManifest.xml:57:13-37
149
150        <receiver
150-->[androidx.work:work-runtime:2.9.0] AndroidManifest.xml:61:9-66:35
151            android:name="androidx.work.impl.utils.ForceStopRunnable$BroadcastReceiver"
151-->[androidx.work:work-runtime:2.9.0] AndroidManifest.xml:62:13-88
152            android:directBootAware="false"
152-->[androidx.work:work-runtime:2.9.0] AndroidManifest.xml:63:13-44
153            android:enabled="true"
153-->[androidx.work:work-runtime:2.9.0] AndroidManifest.xml:64:13-35
154            android:exported="false" />
154-->[androidx.work:work-runtime:2.9.0] AndroidManifest.xml:65:13-37
155        <receiver
155-->[androidx.work:work-runtime:2.9.0] AndroidManifest.xml:67:9-77:20
156            android:name="androidx.work.impl.background.systemalarm.ConstraintProxy$BatteryChargingProxy"
156-->[androidx.work:work-runtime:2.9.0] AndroidManifest.xml:68:13-106
157            android:directBootAware="false"
157-->[androidx.work:work-runtime:2.9.0] AndroidManifest.xml:69:13-44
158            android:enabled="false"
158-->[androidx.work:work-runtime:2.9.0] AndroidManifest.xml:70:13-36
159            android:exported="false" >
159-->[androidx.work:work-runtime:2.9.0] AndroidManifest.xml:71:13-37
160            <intent-filter>
160-->[androidx.work:work-runtime:2.9.0] AndroidManifest.xml:73:13-76:29
161                <action android:name="android.intent.action.ACTION_POWER_CONNECTED" />
161-->[androidx.work:work-runtime:2.9.0] AndroidManifest.xml:74:17-87
161-->[androidx.work:work-runtime:2.9.0] AndroidManifest.xml:74:25-84
162                <action android:name="android.intent.action.ACTION_POWER_DISCONNECTED" />
162-->[androidx.work:work-runtime:2.9.0] AndroidManifest.xml:75:17-90
162-->[androidx.work:work-runtime:2.9.0] AndroidManifest.xml:75:25-87
163            </intent-filter>
164        </receiver>
165        <receiver
165-->[androidx.work:work-runtime:2.9.0] AndroidManifest.xml:78:9-88:20
166            android:name="androidx.work.impl.background.systemalarm.ConstraintProxy$BatteryNotLowProxy"
166-->[androidx.work:work-runtime:2.9.0] AndroidManifest.xml:79:13-104
167            android:directBootAware="false"
167-->[androidx.work:work-runtime:2.9.0] AndroidManifest.xml:80:13-44
168            android:enabled="false"
168-->[androidx.work:work-runtime:2.9.0] AndroidManifest.xml:81:13-36
169            android:exported="false" >
169-->[androidx.work:work-runtime:2.9.0] AndroidManifest.xml:82:13-37
170            <intent-filter>
170-->[androidx.work:work-runtime:2.9.0] AndroidManifest.xml:84:13-87:29
171                <action android:name="android.intent.action.BATTERY_OKAY" />
171-->[androidx.work:work-runtime:2.9.0] AndroidManifest.xml:85:17-77
171-->[androidx.work:work-runtime:2.9.0] AndroidManifest.xml:85:25-74
172                <action android:name="android.intent.action.BATTERY_LOW" />
172-->[androidx.work:work-runtime:2.9.0] AndroidManifest.xml:86:17-76
172-->[androidx.work:work-runtime:2.9.0] AndroidManifest.xml:86:25-73
173            </intent-filter>
174        </receiver>
175        <receiver
175-->[androidx.work:work-runtime:2.9.0] AndroidManifest.xml:89:9-99:20
176            android:name="androidx.work.impl.background.systemalarm.ConstraintProxy$StorageNotLowProxy"
176-->[androidx.work:work-runtime:2.9.0] AndroidManifest.xml:90:13-104
177            android:directBootAware="false"
177-->[androidx.work:work-runtime:2.9.0] AndroidManifest.xml:91:13-44
178            android:enabled="false"
178-->[androidx.work:work-runtime:2.9.0] AndroidManifest.xml:92:13-36
179            android:exported="false" >
179-->[androidx.work:work-runtime:2.9.0] AndroidManifest.xml:93:13-37
180            <intent-filter>
180-->[androidx.work:work-runtime:2.9.0] AndroidManifest.xml:95:13-98:29
181                <action android:name="android.intent.action.DEVICE_STORAGE_LOW" />
181-->[androidx.work:work-runtime:2.9.0] AndroidManifest.xml:96:17-83
181-->[androidx.work:work-runtime:2.9.0] AndroidManifest.xml:96:25-80
182                <action android:name="android.intent.action.DEVICE_STORAGE_OK" />
182-->[androidx.work:work-runtime:2.9.0] AndroidManifest.xml:97:17-82
182-->[androidx.work:work-runtime:2.9.0] AndroidManifest.xml:97:25-79
183            </intent-filter>
184        </receiver>
185        <receiver
185-->[androidx.work:work-runtime:2.9.0] AndroidManifest.xml:100:9-109:20
186            android:name="androidx.work.impl.background.systemalarm.ConstraintProxy$NetworkStateProxy"
186-->[androidx.work:work-runtime:2.9.0] AndroidManifest.xml:101:13-103
187            android:directBootAware="false"
187-->[androidx.work:work-runtime:2.9.0] AndroidManifest.xml:102:13-44
188            android:enabled="false"
188-->[androidx.work:work-runtime:2.9.0] AndroidManifest.xml:103:13-36
189            android:exported="false" >
189-->[androidx.work:work-runtime:2.9.0] AndroidManifest.xml:104:13-37
190            <intent-filter>
190-->[androidx.work:work-runtime:2.9.0] AndroidManifest.xml:106:13-108:29
191                <action android:name="android.net.conn.CONNECTIVITY_CHANGE" />
191-->[androidx.work:work-runtime:2.9.0] AndroidManifest.xml:107:17-79
191-->[androidx.work:work-runtime:2.9.0] AndroidManifest.xml:107:25-76
192            </intent-filter>
193        </receiver>
194        <receiver
194-->[androidx.work:work-runtime:2.9.0] AndroidManifest.xml:110:9-121:20
195            android:name="androidx.work.impl.background.systemalarm.RescheduleReceiver"
195-->[androidx.work:work-runtime:2.9.0] AndroidManifest.xml:111:13-88
196            android:directBootAware="false"
196-->[androidx.work:work-runtime:2.9.0] AndroidManifest.xml:112:13-44
197            android:enabled="false"
197-->[androidx.work:work-runtime:2.9.0] AndroidManifest.xml:113:13-36
198            android:exported="false" >
198-->[androidx.work:work-runtime:2.9.0] AndroidManifest.xml:114:13-37
199            <intent-filter>
199-->[androidx.work:work-runtime:2.9.0] AndroidManifest.xml:116:13-120:29
200                <action android:name="android.intent.action.BOOT_COMPLETED" />
200-->src/main/AndroidManifest.xml:82:17-79
200-->src/main/AndroidManifest.xml:82:25-76
201                <action android:name="android.intent.action.TIME_SET" />
201-->[androidx.work:work-runtime:2.9.0] AndroidManifest.xml:118:17-73
201-->[androidx.work:work-runtime:2.9.0] AndroidManifest.xml:118:25-70
202                <action android:name="android.intent.action.TIMEZONE_CHANGED" />
202-->[androidx.work:work-runtime:2.9.0] AndroidManifest.xml:119:17-81
202-->[androidx.work:work-runtime:2.9.0] AndroidManifest.xml:119:25-78
203            </intent-filter>
204        </receiver>
205        <receiver
205-->[androidx.work:work-runtime:2.9.0] AndroidManifest.xml:122:9-131:20
206            android:name="androidx.work.impl.background.systemalarm.ConstraintProxyUpdateReceiver"
206-->[androidx.work:work-runtime:2.9.0] AndroidManifest.xml:123:13-99
207            android:directBootAware="false"
207-->[androidx.work:work-runtime:2.9.0] AndroidManifest.xml:124:13-44
208            android:enabled="@bool/enable_system_alarm_service_default"
208-->[androidx.work:work-runtime:2.9.0] AndroidManifest.xml:125:13-72
209            android:exported="false" >
209-->[androidx.work:work-runtime:2.9.0] AndroidManifest.xml:126:13-37
210            <intent-filter>
210-->[androidx.work:work-runtime:2.9.0] AndroidManifest.xml:128:13-130:29
211                <action android:name="androidx.work.impl.background.systemalarm.UpdateProxies" />
211-->[androidx.work:work-runtime:2.9.0] AndroidManifest.xml:129:17-98
211-->[androidx.work:work-runtime:2.9.0] AndroidManifest.xml:129:25-95
212            </intent-filter>
213        </receiver>
214        <receiver
214-->[androidx.work:work-runtime:2.9.0] AndroidManifest.xml:132:9-142:20
215            android:name="androidx.work.impl.diagnostics.DiagnosticsReceiver"
215-->[androidx.work:work-runtime:2.9.0] AndroidManifest.xml:133:13-78
216            android:directBootAware="false"
216-->[androidx.work:work-runtime:2.9.0] AndroidManifest.xml:134:13-44
217            android:enabled="true"
217-->[androidx.work:work-runtime:2.9.0] AndroidManifest.xml:135:13-35
218            android:exported="true"
218-->[androidx.work:work-runtime:2.9.0] AndroidManifest.xml:136:13-36
219            android:permission="android.permission.DUMP" >
219-->[androidx.work:work-runtime:2.9.0] AndroidManifest.xml:137:13-57
220            <intent-filter>
220-->[androidx.work:work-runtime:2.9.0] AndroidManifest.xml:139:13-141:29
221                <action android:name="androidx.work.diagnostics.REQUEST_DIAGNOSTICS" />
221-->[androidx.work:work-runtime:2.9.0] AndroidManifest.xml:140:17-88
221-->[androidx.work:work-runtime:2.9.0] AndroidManifest.xml:140:25-85
222            </intent-filter>
223        </receiver>
224
225        <service
225-->[androidx.room:room-runtime:2.6.1] AndroidManifest.xml:24:9-28:63
226            android:name="androidx.room.MultiInstanceInvalidationService"
226-->[androidx.room:room-runtime:2.6.1] AndroidManifest.xml:25:13-74
227            android:directBootAware="true"
227-->[androidx.room:room-runtime:2.6.1] AndroidManifest.xml:26:13-43
228            android:exported="false" />
228-->[androidx.room:room-runtime:2.6.1] AndroidManifest.xml:27:13-37
229
230        <receiver
230-->[androidx.profileinstaller:profileinstaller:1.3.0] AndroidManifest.xml:34:9-52:20
231            android:name="androidx.profileinstaller.ProfileInstallReceiver"
231-->[androidx.profileinstaller:profileinstaller:1.3.0] AndroidManifest.xml:35:13-76
232            android:directBootAware="false"
232-->[androidx.profileinstaller:profileinstaller:1.3.0] AndroidManifest.xml:36:13-44
233            android:enabled="true"
233-->[androidx.profileinstaller:profileinstaller:1.3.0] AndroidManifest.xml:37:13-35
234            android:exported="true"
234-->[androidx.profileinstaller:profileinstaller:1.3.0] AndroidManifest.xml:38:13-36
235            android:permission="android.permission.DUMP" >
235-->[androidx.profileinstaller:profileinstaller:1.3.0] AndroidManifest.xml:39:13-57
236            <intent-filter>
236-->[androidx.profileinstaller:profileinstaller:1.3.0] AndroidManifest.xml:40:13-42:29
237                <action android:name="androidx.profileinstaller.action.INSTALL_PROFILE" />
237-->[androidx.profileinstaller:profileinstaller:1.3.0] AndroidManifest.xml:41:17-91
237-->[androidx.profileinstaller:profileinstaller:1.3.0] AndroidManifest.xml:41:25-88
238            </intent-filter>
239            <intent-filter>
239-->[androidx.profileinstaller:profileinstaller:1.3.0] AndroidManifest.xml:43:13-45:29
240                <action android:name="androidx.profileinstaller.action.SKIP_FILE" />
240-->[androidx.profileinstaller:profileinstaller:1.3.0] AndroidManifest.xml:44:17-85
240-->[androidx.profileinstaller:profileinstaller:1.3.0] AndroidManifest.xml:44:25-82
241            </intent-filter>
242            <intent-filter>
242-->[androidx.profileinstaller:profileinstaller:1.3.0] AndroidManifest.xml:46:13-48:29
243                <action android:name="androidx.profileinstaller.action.SAVE_PROFILE" />
243-->[androidx.profileinstaller:profileinstaller:1.3.0] AndroidManifest.xml:47:17-88
243-->[androidx.profileinstaller:profileinstaller:1.3.0] AndroidManifest.xml:47:25-85
244            </intent-filter>
245            <intent-filter>
245-->[androidx.profileinstaller:profileinstaller:1.3.0] AndroidManifest.xml:49:13-51:29
246                <action android:name="androidx.profileinstaller.action.BENCHMARK_OPERATION" />
246-->[androidx.profileinstaller:profileinstaller:1.3.0] AndroidManifest.xml:50:17-95
246-->[androidx.profileinstaller:profileinstaller:1.3.0] AndroidManifest.xml:50:25-92
247            </intent-filter>
248        </receiver>
249    </application>
250
251</manifest>